<?xml version="1.0" encoding="UTF-8"?>
<!-- Generated by org.testng.reporters.JUnitXMLReporter -->
<testsuite ignored="3" hostname="DESKTOP-3N1AQJ3" failures="1" tests="1" name="Test" time="6.832" errors="0" timestamp="2026-02-19T18:33:52 IST">
  <testcase classname="testscripts.ManageNewsTest" name="verifyWhetherUserIsAbletoAddNews" time="3.759">
    <failure type="java.lang.AssertionError" message="User was unable to add new news expected [true] but found [false]">
      <![CDATA[java.lang.AssertionError: User was unable to add new news expected [true] but found [false]
at testscripts.ManageNewsTest.verifyWhetherUserIsAbletoAddNews(ManageNewsTest.java:52)
at java.base/java.util.ArrayList.forEach(ArrayList.java:1511)
... Removed 30 stack frames]]>
    </failure>
  </testcase> <!-- verifyWhetherUserIsAbletoAddNews -->
  <testcase classname="testscripts.ManageNewsTest" name="verifyWhetherUserisAbletoLogoutSuccessfully" time="0.0">
    <ignored/>
  </testcase> <!-- verifyWhetherUserisAbletoLogoutSuccessfully -->
  <testcase classname="testscripts.ManageNewsTest" name="verifyWhetherUserIsAbleToResetTheNews" time="0.0">
    <ignored/>
  </testcase> <!-- verifyWhetherUserIsAbleToResetTheNews -->
  <testcase classname="testscripts.ManageNewsTest" name="verifyWhetherUserIsAbletoSearchTheAddedNews" time="0.0">
    <ignored/>
  </testcase> <!-- verifyWhetherUserIsAbletoSearchTheAddedNews -->
</testsuite> <!-- Test -->
