<?xml version="1.0" encoding="UTF-8"?>
<!-- Generated by org.testng.reporters.JUnitXMLReporter -->
<testsuite ignored="3" hostname="DESKTOP-3N1AQJ3" failures="0" tests="1" name="Test" time="5.547" errors="0" timestamp="2026-02-22T22:18:39 IST">
  <testcase classname="testscripts.AdminUsersTest" name="verifyWhetherUserIsAbletoResetUser" time="3.14"/>
  <testcase classname="testscripts.AdminUsersTest" name="verifyWhetherUserisAbletoLogoutSuccessfully" time="0.0">
    <ignored/>
  </testcase> <!-- verifyWhetherUserisAbletoLogoutSuccessfully -->
  <testcase classname="testscripts.AdminUsersTest" name="verifyWhetherUserIsAbletoAddNewUser" time="0.0">
    <ignored/>
  </testcase> <!-- verifyWhetherUserIsAbletoAddNewUser -->
  <testcase classname="testscripts.AdminUsersTest" name="verifyWhetherUserIsAbletoSearchAddedUser" time="0.0">
    <ignored/>
  </testcase> <!-- verifyWhetherUserIsAbletoSearchAddedUser -->
</testsuite> <!-- Test -->
