<?xml version="1.0" encoding="UTF-8"?>
<testng-results ignored="0" total="1" passed="1" failed="0" skipped="0">
  <reporter-output>
  </reporter-output>
  <suite started-at="2026-02-22T22:18:33 IST" name="Suite" finished-at="2026-02-22T22:18:38 IST" duration-ms="5547">
    <groups>
    </groups>
    <test started-at="2026-02-22T22:18:33 IST" name="Test" finished-at="2026-02-22T22:18:38 IST" duration-ms="5547">
      <class name="testscripts.AdminUsersTest">
        <test-method is-config="true" signature="initialiseBrowser(java.lang.String)[pri:0, instance:testscripts.AdminUsersTest@27eedb64]" started-at="2026-02-22T22:18:33 IST" name="initialiseBrowser" finished-at="2026-02-22T22:18:35 IST" duration-ms="2350" status="PASS">
          <params>
            <param index="0">
              <value>
                <![CDATA[chrome]]>
              </value>
            </param>
          </params>
          <reporter-output>
          </reporter-output>
        </test-method> <!-- initialiseBrowser -->
        <test-method signature="verifyWhetherUserIsAbletoResetUser()[pri:4, instance:testscripts.AdminUsersTest@27eedb64]" started-at="2026-02-22T22:18:35 IST" name="verifyWhetherUserIsAbletoResetUser" description="validating user is able to reset" finished-at="2026-02-22T22:18:38 IST" duration-ms="3140" status="PASS">
          <reporter-output>
          </reporter-output>
        </test-method> <!-- verifyWhetherUserIsAbletoResetUser -->
        <test-method is-config="true" signature="driverQuit(org.testng.ITestResult)[pri:0, instance:testscripts.AdminUsersTest@27eedb64]" started-at="2026-02-22T22:18:38 IST" name="driverQuit" finished-at="2026-02-22T22:18:38 IST" duration-ms="0" status="PASS">
          <params>
            <param index="0">
              <value>
                <![CDATA[[TestResult name=verifyWhetherUserIsAbletoResetUser status=SUCCESS method=AdminUsersTest.verifyWhetherUserIsAbletoResetUser()[pri:4, instance:testscripts.AdminUsersTest@27eedb64] output={null}]]]>
              </value>
            </param>
          </params>
          <reporter-output>
          </reporter-output>
        </test-method> <!-- driverQuit -->
      </class> <!-- testscripts.AdminUsersTest -->
    </test> <!-- Test -->
  </suite> <!-- Suite -->
</testng-results>
